\BOOKMARK [1][-]{section.1}{\376\377\016\001\016\062\016\043\016\027\016\024\016\045\016\055\016\007\016\027\016\065\016\110\000\040\0001\000:\000\040\016\047\016\061\016\024\016\004\016\110\016\062\000\040\000S\000p\000r\000i\000n\000g\000\040\000C\000o\000n\000s\000t\000a\000n\000t\000\040\000\050\000K\000\051}{}% 1
\BOOKMARK [2][-]{subsection.1.1}{\376\377\016\032\016\027\016\031\016\063}{section.1}% 2
\BOOKMARK [2][-]{subsection.1.2}{\376\377\016\047\016\061\016\025\016\026\016\070\016\033\016\043\016\060\016\052\016\007\016\004\016\114}{section.1}% 3
\BOOKMARK [2][-]{subsection.1.3}{\376\377\016\052\016\041\016\041\016\025\016\064\016\020\016\062\016\031}{section.1}% 4
\BOOKMARK [2][-]{subsection.1.4}{\376\377\016\025\016\061\016\047\016\101\016\033\016\043}{section.1}% 5
\BOOKMARK [2][-]{subsection.1.5}{\376\377\016\100\016\055\016\001\016\052\016\062\016\043\016\101\016\045\016\060\016\007\016\062\016\031\016\047\016\064\016\010\016\061\016\042\016\027\016\065\016\110\016\100\016\001\016\065\016\110\016\042\016\047\016\002\016\111\016\055\016\007}{section.1}% 6
\BOOKMARK [3][-]{subsubsection.1.5.1}{\376\377\016\001\016\016\016\002\016\055\016\007\016\056\016\070\016\001\000\040\000\050\000H\000o\000o\000k\000e\000'\000s\000\040\000L\000a\000w\000\051\000\040\016\101\016\045\016\060\016\002\016\111\016\055\016\052\016\041\016\041\016\025\016\064\016\002\016\055\016\007\016\047\016\061\016\052\016\024\016\070\016\042\016\067\016\024\016\053\016\042\016\070\016\110\016\031\016\100\016\012\016\064\016\007\016\100\016\052\016\111\016\031}{subsection.1.5}% 7
\BOOKMARK [3][-]{subsubsection.1.5.2}{\376\377\016\002\016\111\016\055\016\052\016\041\016\041\016\025\016\064\016\002\016\055\016\007\016\047\016\061\016\052\016\024\016\070\016\042\016\067\016\024\016\053\016\042\016\070\016\110\016\031\016\100\016\012\016\064\016\007\016\100\016\052\016\111\016\031\000\040\000\050\000L\000i\000n\000e\000a\000r\000\040\000E\000l\000a\000s\000t\000i\000c\000\040\000A\000s\000s\000u\000m\000p\000t\000i\000o\000n\000s\000\051}{subsection.1.5}% 8
\BOOKMARK [3][-]{subsubsection.1.5.3}{\376\377\016\047\016\064\016\030\016\065\016\001\016\062\016\043\016\027\016\062\016\007\016\052\016\026\016\064\016\025\016\064\000\040\000\050\000S\000t\000a\000t\000i\000s\000t\000i\000c\000a\000l\000\040\000M\000e\000t\000h\000o\000d\000s\000\051}{subsection.1.5}% 9
\BOOKMARK [3][-]{subsubsection.1.5.4}{\376\377\016\001\016\062\016\043\016\047\016\064\016\100\016\004\016\043\016\062\016\060\016\053\016\114\016\001\016\062\016\043\016\026\016\024\016\026\016\055\016\042\016\100\016\012\016\064\016\007\016\100\016\052\016\111\016\031\000\040\000\050\000L\000i\000n\000e\000a\000r\000\040\000R\000e\000g\000r\000e\000s\000s\000i\000o\000n\000\051}{subsection.1.5}% 10
\BOOKMARK [2][-]{subsection.1.6}{\376\377\016\002\016\061\016\111\016\031\016\025\016\055\016\031\016\001\016\062\016\043\016\027\016\024\016\045\016\055\016\007}{section.1}% 11
\BOOKMARK [2][-]{subsection.1.7}{\376\377\016\034\016\045\016\001\016\062\016\043\016\027\016\024\016\045\016\055\016\007}{section.1}% 12
\BOOKMARK [3][-]{subsubsection.1.7.1}{\376\377\016\025\016\062\016\043\016\062\016\007\016\002\016\111\016\055\016\041\016\071\016\045\016\027\016\065\016\110\016\032\016\061\016\031\016\027\016\066\016\001\016\104\016\024\016\111}{subsection.1.7}% 13
\BOOKMARK [3][-]{subsubsection.1.7.2}{\376\377\016\001\016\062\016\043\016\004\016\063\016\031\016\047\016\023\016\004\016\110\016\062\000\040\000K\000\040\016\024\016\111\016\047\016\042\000\040\000L\000i\000n\000e\000a\000r\000\040\000R\000e\000g\000r\000e\000s\000s\000i\000o\000n}{subsection.1.7}% 14
\BOOKMARK [2][-]{subsection.1.8}{\376\377\016\034\016\045\016\001\016\062\016\043\016\047\016\064\016\100\016\004\016\043\016\062\016\060\016\053\016\114\016\004\016\110\016\062\016\004\016\007\016\027\016\065\016\110\016\052\016\033\016\043\016\064\016\007\000\040\000\050\000S\000p\000r\000i\000n\000g\000\040\000C\000o\000n\000s\000t\000a\000n\000t\000\040\000A\000n\000a\000l\000y\000s\000i\000s\000\051}{section.1}% 15
\BOOKMARK [3][-]{subsubsection.1.8.1}{\376\377\016\001\016\062\016\043\016\047\016\064\016\100\016\004\016\043\016\062\016\060\016\053\016\114\016\024\016\111\016\047\016\042\016\047\016\064\016\030\016\065\016\001\016\062\016\043\016\026\016\024\016\026\016\055\016\042\016\100\016\012\016\064\016\007\016\100\016\052\016\111\016\031\000\040\000\050\000L\000i\000n\000e\000a\000r\000\040\000R\000e\000g\000r\000e\000s\000s\000i\000o\000n\000\051}{subsection.1.8}% 16
\BOOKMARK [3][-]{subsubsection.1.8.2}{\376\377\016\004\016\110\016\062\016\027\016\062\016\007\016\052\016\026\016\064\016\025\016\064\016\101\016\045\016\060\016\010\016\070\016\024\016\033\016\043\016\060\016\041\016\062\016\023\016\001\016\062\016\043\000\040\000\050\000P\000o\000i\000n\000t\000\040\000E\000s\000t\000i\000m\000a\000t\000e\000s\000\051}{subsection.1.8}% 17
\BOOKMARK [3][-]{subsubsection.1.8.3}{\376\377\016\001\016\062\016\043\016\004\016\063\016\031\016\047\016\023\016\004\016\110\016\062\016\052\016\061\016\041\016\033\016\043\016\060\016\052\016\064\016\027\016\030\016\064\016\114\016\001\016\062\016\043\016\025\016\061\016\024\016\052\016\064\016\031\016\103\016\010\000\040\000\050\000R\0002\000\051}{subsection.1.8}% 18
\BOOKMARK [2][-]{subsection.1.9}{\376\377\016\052\016\043\016\070\016\033\016\101\016\045\016\060\016\055\016\040\016\064\016\033\016\043\016\062\016\042\016\034\016\045}{section.1}% 19
\BOOKMARK [1][-]{section.2}{\376\377\016\001\016\062\016\043\016\027\016\024\016\045\016\055\016\007\016\027\016\065\016\110\000\040\0002\000:\000\040\016\052\016\043\016\111\016\062\016\007\000\040\000L\000i\000b\000r\000a\000r\000y\000\040\000H\000C\000-\000S\000R\0000\0004\000\040\016\101\016\045\016\060\016\047\016\061\016\024\000\040\000M\000e\000a\000s\000u\000r\000e\000m\000e\000n\000t\000\040\000N\000o\000i\000s\000e\000\040\000C\000o\000v\000a\000r\000i\000a\000n\000c\000e}{}% 20
\BOOKMARK [2][-]{subsection.2.1}{\376\377\016\032\016\027\016\031\016\063}{section.2}% 21
\BOOKMARK [2][-]{subsection.2.2}{\376\377\016\047\016\061\016\025\016\026\016\070\016\033\016\043\016\060\016\052\016\007\016\004\016\114}{section.2}% 22
\BOOKMARK [2][-]{subsection.2.3}{\376\377\016\052\016\041\016\041\016\025\016\064\016\020\016\062\016\031}{section.2}% 23
\BOOKMARK [2][-]{subsection.2.4}{\376\377\016\025\016\061\016\047\016\101\016\033\016\043}{section.2}% 24
\BOOKMARK [2][-]{subsection.2.5}{\376\377\016\100\016\055\016\001\016\052\016\062\016\043\016\101\016\045\016\060\016\007\016\062\016\031\016\047\016\064\016\010\016\061\016\042\016\027\016\065\016\110\016\100\016\001\016\065\016\110\016\042\016\047\016\002\016\111\016\055\016\007}{section.2}% 25
\BOOKMARK [3][-]{subsubsection.2.5.1}{\376\377\016\100\016\013\016\031\016\100\016\013\016\055\016\043\016\114\016\047\016\061\016\024\016\043\016\060\016\042\016\060\000\040\000H\000C\000-\000S\000R\0000\0004}{subsection.2.5}% 26
\BOOKMARK [3][-]{subsubsection.2.5.2}{\376\377\016\001\016\062\016\043\000\040\000C\000o\000n\000f\000i\000g\000u\000r\000e\000\040\000S\000T\000M\0003\0002\000\040\000N\000u\000c\000l\000e\000o\000\040\000G\0004\0007\0004\000R\000E\000\040\016\052\016\063\016\053\016\043\016\061\016\032\000\040\000H\000C\000-\000S\000R\0000\0004}{subsection.2.5}% 27
\BOOKMARK [3][-]{subsubsection.2.5.3}{\376\377\016\001\016\062\016\043\016\004\016\063\016\031\016\047\016\023\000\040\000S\000a\000m\000p\000l\000e\000\040\000V\000a\000r\000i\000a\000n\000c\000e\000\040\016\100\016\036\016\067\016\110\016\055\016\053\016\062\016\004\016\110\016\062\000\040\000R}{subsection.2.5}% 28
\BOOKMARK [3][-]{subsubsection.2.5.4}{\376\377\000K\000a\000l\000m\000a\000n\000\040\000F\000i\000l\000t\000e\000r\000\040\016\103\016\031\000\040\000C\000o\000n\000t\000i\000n\000u\000o\000u\000s\000\040\000D\000o\000m\000a\000i\000n}{subsection.2.5}% 29
\BOOKMARK [3][-]{subsubsection.2.5.5}{\376\377\016\001\016\062\016\043\000\040\000D\000i\000s\000c\000r\000e\000t\000i\000z\000e\000\040\016\052\016\041\016\001\016\062\016\043\000\040\000K\000a\000l\000m\000a\000n\000\040\000F\000i\000l\000t\000e\000r}{subsection.2.5}% 30
\BOOKMARK [3][-]{subsubsection.2.5.6}{\376\377\016\001\016\062\016\043\000\040\000I\000m\000p\000l\000e\000m\000e\000n\000t\000\040\000S\000c\000a\000l\000a\000r\000\040\000K\000a\000l\000m\000a\000n\000\040\000F\000i\000l\000t\000e\000r\000\040\016\032\016\031\000\040\000S\000T\000M\0003\0002}{subsection.2.5}% 31
\BOOKMARK [2][-]{subsection.2.6}{\376\377\016\002\016\061\016\111\016\031\016\025\016\055\016\031\016\001\016\062\016\043\016\027\016\024\016\045\016\055\016\007}{section.2}% 32
\BOOKMARK [2][-]{subsection.2.7}{\376\377\016\001\016\062\016\043\016\036\016\061\016\022\016\031\016\062\000\040\000L\000i\000b\000r\000a\000r\000y\000\040\000H\000C\000-\000S\000R\0000\0004}{section.2}% 33
\BOOKMARK [3][-]{subsubsection.2.7.1}{\376\377\016\102\016\004\016\043\016\007\016\052\016\043\016\111\016\062\016\007\000\040\000L\000i\000b\000r\000a\000r\000y\000\040\000\050\000h\000c\000s\000r\0000\0004\000.\000h\000\040\000/\000\040\000h\000c\000s\000r\0000\0004\000.\000c\000\051}{subsection.2.7}% 34
\BOOKMARK [3][-]{subsubsection.2.7.2}{\376\377\016\001\016\062\016\043\016\027\016\063\016\007\016\062\016\031\016\002\016\055\016\007\000\040\000H\000C\000S\000R\0000\0004\000\137\000R\000e\000a\000d\000\050\000\051}{subsection.2.7}% 35
\BOOKMARK [3][-]{subsubsection.2.7.3}{\376\377\000M\000a\000i\000n\000\040\000L\000o\000o\000p\000\040\016\052\016\063\016\053\016\043\016\061\016\032\016\100\016\001\016\107\016\032\016\002\016\111\016\055\016\041\016\071\016\045\000\040\000R\000a\000w\000\040\000D\000a\000t\000a}{subsection.2.7}% 36
\BOOKMARK [2][-]{subsection.2.8}{\376\377\016\034\016\045\016\001\016\062\016\043\016\027\016\024\016\045\016\055\016\007}{section.2}% 37
\BOOKMARK [3][-]{subsubsection.2.8.1}{\376\377\016\034\016\045\016\001\016\062\016\043\016\033\016\043\016\060\016\100\016\041\016\064\016\031\016\004\016\110\016\062\000\040\000M\000e\000a\000s\000u\000r\000e\000m\000e\000n\000t\000\040\000N\000o\000i\000s\000e\000\040\000C\000o\000v\000a\000r\000i\000a\000n\000c\000e\000\040\000\050\000R\000\051}{subsection.2.8}% 38
\BOOKMARK [3][-]{subsubsection.2.8.2}{\376\377\016\001\016\062\016\043\016\100\016\045\016\067\016\055\016\001\016\004\016\110\016\062\000\040\000R\000\040\016\052\016\063\016\053\016\043\016\061\016\032\016\043\016\060\016\032\016\032\000\040\000M\000a\000s\000s\000-\000S\000p\000r\000i\000n\000g\000-\000D\000a\000m\000p\000e\000r}{subsection.2.8}% 39
\BOOKMARK [3][-]{subsubsection.2.8.3}{\376\377\016\002\016\061\016\111\016\031\016\025\016\055\016\031\016\001\016\062\016\043\016\100\016\045\016\067\016\055\016\001\016\004\016\110\016\062\000\040\000Q\000\040\016\052\016\063\016\053\016\043\016\061\016\032\000\040\000S\000c\000a\000l\000a\000r\000\040\000K\000F}{subsection.2.8}% 40
\BOOKMARK [2][-]{subsection.2.9}{\376\377\016\052\016\043\016\070\016\033\016\034\016\045\016\001\016\062\016\043\016\027\016\024\016\045\016\055\016\007}{section.2}% 41
\BOOKMARK [2][-]{subsection.2.10}{\376\377\016\055\016\040\016\064\016\033\016\043\016\062\016\042\016\034\016\045}{section.2}% 42
\BOOKMARK [1][-]{section.3}{\376\377\016\001\016\062\016\043\016\027\016\024\016\045\016\055\016\007\016\027\016\065\016\110\000\040\0003\000:\000\040\016\034\016\045\016\001\016\043\016\060\016\027\016\032\016\002\016\055\016\007\000\040\000Q\000\040\016\101\016\045\016\060\016\055\016\061\016\025\016\043\016\062\016\052\016\110\016\047\016\031\000\040\000Q\000/\000R\000\040\016\025\016\110\016\055\016\036\016\044\016\025\016\064\016\001\016\043\016\043\016\041\016\002\016\055\016\007\000\040\000S\000c\000a\000l\000a\000r\000\040\000K\000F}{}% 43
\BOOKMARK [2][-]{subsection.3.1}{\376\377\016\032\016\027\016\031\016\063}{section.3}% 44
\BOOKMARK [2][-]{subsection.3.2}{\376\377\016\047\016\061\016\025\016\026\016\070\016\033\016\043\016\060\016\052\016\007\016\004\016\114}{section.3}% 45
\BOOKMARK [2][-]{subsection.3.3}{\376\377\016\052\016\041\016\041\016\025\016\064\016\020\016\062\016\031}{section.3}% 46
\BOOKMARK [2][-]{subsection.3.4}{\376\377\016\025\016\061\016\047\016\101\016\033\016\043}{section.3}% 47
\BOOKMARK [2][-]{subsection.3.5}{\376\377\016\100\016\055\016\001\016\052\016\062\016\043\016\101\016\045\016\060\016\007\016\062\016\031\016\047\016\064\016\010\016\061\016\042\016\027\016\065\016\110\016\100\016\001\016\065\016\110\016\042\016\047\016\002\016\111\016\055\016\007}{section.3}% 48
\BOOKMARK [3][-]{subsubsection.3.5.1}{\376\377\016\004\016\047\016\062\016\041\016\053\016\041\016\062\016\042\016\027\016\062\016\007\016\001\016\062\016\042\016\040\016\062\016\036\016\002\016\055\016\007\000\040\000P\000r\000o\000c\000e\000s\000s\000\040\000N\000o\000i\000s\000e\000\040\000C\000o\000v\000a\000r\000i\000a\000n\000c\000e\000\040\000Q}{subsection.3.5}% 49
\BOOKMARK [3][-]{subsubsection.3.5.2}{\376\377\016\001\016\045\016\104\016\001\016\034\016\110\016\062\016\031\016\052\016\041\016\001\016\062\016\043\000\040\000C\000o\000v\000a\000r\000i\000a\000n\000c\000e\000\040\000P\000r\000e\000d\000i\000c\000t\000i\000o\000n}{subsection.3.5}% 50
\BOOKMARK [3][-]{subsubsection.3.5.3}{\376\377\000T\000r\000a\000d\000e\000-\000o\000f\000f\000\040\016\043\016\060\016\053\016\047\016\110\016\062\016\007\000\040\000S\000m\000o\000o\000t\000h\000n\000e\000s\000s\000\040\016\101\016\045\016\060\000\040\000R\000e\000s\000p\000o\000n\000s\000i\000v\000e\000n\000e\000s\000s}{subsection.3.5}% 51
\BOOKMARK [3][-]{subsubsection.3.5.4}{\376\377\016\052\016\040\016\062\016\047\016\060\000\040\000O\000v\000e\000r\000c\000o\000n\000f\000i\000d\000e\000n\000t\000\040\000F\000i\000l\000t\000e\000r\000\040\000\050\000Q\000\040\0000\000\051}{subsection.3.5}% 52
\BOOKMARK [3][-]{subsubsection.3.5.5}{\376\377\016\007\016\062\016\031\016\047\016\064\016\010\016\061\016\042\000\040\000A\000l\000\040\000T\000a\000h\000t\000a\000w\000i\000\040\000\050\0002\0000\0001\0008\000\051\000\040\016\027\016\065\016\110\016\100\016\001\016\065\016\110\016\042\016\047\016\002\016\111\016\055\016\007\016\102\016\024\016\042\016\025\016\043\016\007}{subsection.3.5}% 53
\BOOKMARK [2][-]{subsection.3.6}{\376\377\016\002\016\061\016\111\016\031\016\025\016\055\016\031\016\001\016\062\016\043\016\027\016\024\016\045\016\055\016\007}{section.3}% 54
\BOOKMARK [2][-]{subsection.3.7}{\376\377\016\034\016\045\016\001\016\062\016\043\016\027\016\024\016\045\016\055\016\007}{section.3}% 55
\BOOKMARK [3][-]{subsubsection.3.7.1}{\376\377\000S\000c\000e\000n\000a\000r\000i\000o\000\040\000A\000:\000\040\016\043\016\060\016\042\016\060\016\004\016\007\016\027\016\065\016\110\000\040\040\024\000\040\000V\000a\000r\000i\000a\000n\000c\000e\000\040\000R\000e\000d\000u\000c\000t\000i\000o\000n}{subsection.3.7}% 56
\BOOKMARK [3][-]{subsubsection.3.7.2}{\376\377\000S\000c\000e\000n\000a\000r\000i\000o\000\040\000B\000:\000\040\000M\000S\000D\000\040\000F\000r\000e\000e\000\040\000V\000i\000b\000r\000a\000t\000i\000o\000n\000\040\040\024\000\040\000S\000e\000t\000t\000l\000i\000n\000g\000\040\000T\000i\000m\000e\000\040\016\101\016\045\016\060\000\040\000V\000a\000r\000i\000a\000n\000c\000e}{subsection.3.7}% 57
\BOOKMARK [3][-]{subsubsection.3.7.3}{\376\377\016\052\016\043\016\070\016\033\016\034\016\045\000\040\000Q\000u\000a\000n\000t\000i\000t\000a\000t\000i\000v\000e}{subsection.3.7}% 58
\BOOKMARK [3][-]{subsubsection.3.7.4}{\376\377\000E\000r\000r\000o\000r\000\040\000P\000l\000o\000t\000\040\040\024\000\040\016\052\016\110\016\047\016\031\016\025\016\110\016\062\016\007\016\043\016\060\016\053\016\047\016\110\016\062\016\007\000\040\000K\000F\000\040\000O\000u\000t\000p\000u\000t\000\040\016\001\016\061\016\032\000\040\000R\000a\000w\000\040\000D\000a\000t\000a}{subsection.3.7}% 59
\BOOKMARK [2][-]{subsection.3.8}{\376\377\016\052\016\043\016\070\016\033\016\034\016\045\016\001\016\062\016\043\016\027\016\024\016\045\016\055\016\007}{section.3}% 60
\BOOKMARK [2][-]{subsection.3.9}{\376\377\016\055\016\040\016\064\016\033\016\043\016\062\016\042\016\034\016\045}{section.3}% 61
\BOOKMARK [1][-]{section.4}{\376\377\016\001\016\062\016\043\016\027\016\024\016\045\016\055\016\007\016\027\016\065\016\110\000\040\0004\000:\000\040\000S\000y\000s\000t\000e\000m\000\040\000I\000d\000e\000n\000t\000i\000f\000i\000c\000a\000t\000i\000o\000n\000\040\016\002\016\055\016\007\000\040\000M\000a\000s\000s\000-\000S\000p\000r\000i\000n\000g\000-\000D\000a\000m\000p\000e\000r}{}% 62
\BOOKMARK [2][-]{subsection.4.1}{\376\377\016\032\016\027\016\031\016\063}{section.4}% 63
\BOOKMARK [2][-]{subsection.4.2}{\376\377\016\047\016\061\016\025\016\026\016\070\016\033\016\043\016\060\016\052\016\007\016\004\016\114}{section.4}% 64
\BOOKMARK [2][-]{subsection.4.3}{\376\377\016\052\016\041\016\041\016\025\016\064\016\020\016\062\016\031}{section.4}% 65
\BOOKMARK [2][-]{subsection.4.4}{\376\377\016\025\016\061\016\047\016\101\016\033\016\043}{section.4}% 66
\BOOKMARK [2][-]{subsection.4.5}{\376\377\016\100\016\055\016\001\016\052\016\062\016\043\016\101\016\045\016\060\016\007\016\062\016\031\016\047\016\064\016\010\016\061\016\042\016\027\016\065\016\110\016\100\016\001\016\065\016\110\016\042\016\047\016\002\016\111\016\055\016\007}{section.4}% 67
\BOOKMARK [3][-]{subsubsection.4.5.1}{\376\377\000E\000q\000u\000a\000t\000i\000o\000n\000\040\000o\000f\000\040\000M\000o\000t\000i\000o\000n\000\040\016\002\016\055\016\007\000\040\000M\000a\000s\000s\000-\000S\000p\000r\000i\000n\000g\000-\000D\000a\000m\000p\000e\000r}{subsection.4.5}% 68
\BOOKMARK [3][-]{subsubsection.4.5.2}{\376\377\016\100\016\053\016\025\016\070\016\034\016\045\016\027\016\065\016\110\016\103\016\012\016\111\000\040\000D\000i\000s\000p\000l\000a\000c\000e\000m\000e\000n\000t\000\040\016\010\016\062\016\001\000\040\000E\000q\000u\000i\000l\000i\000b\000r\000i\000u\000m\000\040\016\100\016\033\016\107\016\031\000\040\000S\000t\000a\000t\000e}{subsection.4.5}% 69
\BOOKMARK [3][-]{subsubsection.4.5.3}{\376\377\000D\000a\000m\000p\000i\000n\000g\000\040\000R\000a\000t\000i\000o\000\040\016\101\016\045\016\060\016\033\016\043\016\060\016\100\016\040\016\027\016\002\016\055\016\007\000\040\000R\000e\000s\000p\000o\000n\000s\000e}{subsection.4.5}% 70
\BOOKMARK [3][-]{subsubsection.4.5.4}{\376\377\000M\000A\000T\000L\000A\000B\000\040\000P\000a\000r\000a\000m\000e\000t\000e\000r\000\040\000E\000s\000t\000i\000m\000a\000t\000o\000r\000\040\000\050\000S\000i\000m\000u\000l\000i\000n\000k\000\040\000D\000e\000s\000i\000g\000n\000\040\000O\000p\000t\000i\000m\000i\000z\000a\000t\000i\000o\000n\000\051}{subsection.4.5}% 71
\BOOKMARK [2][-]{subsection.4.6}{\376\377\016\001\016\062\016\043\016\033\016\043\016\061\016\032\016\033\016\043\016\070\016\007\000\040\000S\000e\000t\000u\000p\000\040\016\001\016\062\016\043\016\027\016\024\016\045\016\055\016\007}{section.4}% 72
\BOOKMARK [2][-]{subsection.4.7}{\376\377\016\002\016\061\016\111\016\031\016\025\016\055\016\031\016\001\016\062\016\043\016\027\016\024\016\045\016\055\016\007}{section.4}% 73
\BOOKMARK [2][-]{subsection.4.8}{\376\377\016\034\016\045\016\001\016\062\016\043\016\027\016\024\016\045\016\055\016\007}{section.4}% 74
\BOOKMARK [3][-]{subsubsection.4.8.1}{\376\377\000E\000q\000u\000a\000t\000i\000o\000n\000\040\000o\000f\000\040\000M\000o\000t\000i\000o\000n}{subsection.4.8}% 75
\BOOKMARK [3][-]{subsubsection.4.8.2}{\376\377\000O\000u\000t\000l\000i\000e\000r\000\040\000A\000n\000a\000l\000y\000s\000i\000s\000\040\016\002\016\055\016\007\016\034\016\045\000\040\000P\000a\000r\000a\000m\000e\000t\000e\000r\000\040\000E\000s\000t\000i\000m\000a\000t\000i\000o\000n}{subsection.4.8}% 76
\BOOKMARK [3][-]{subsubsection.4.8.3}{\376\377\016\052\016\026\016\064\016\025\016\064\016\002\016\055\016\007\016\036\016\062\016\043\016\062\016\041\016\064\016\100\016\025\016\055\016\043\016\114\016\027\016\065\016\110\016\104\016\024\016\111}{subsection.4.8}% 77
\BOOKMARK [3][-]{subsubsection.4.8.4}{\376\377\000S\000i\000m\000u\000l\000i\000n\000k\000\040\000M\000o\000d\000e\000l\000\040\016\101\016\045\016\060\000\040\000P\000a\000r\000a\000m\000e\000t\000e\000r\000\040\000E\000s\000t\000i\000m\000a\000t\000o\000r}{subsection.4.8}% 78
\BOOKMARK [3][-]{subsubsection.4.8.5}{\376\377\016\036\016\062\016\043\016\062\016\041\016\064\016\100\016\025\016\055\016\043\016\114\016\052\016\070\016\024\016\027\016\111\016\062\016\042\016\027\016\065\016\110\016\104\016\024\016\111\016\010\016\062\016\001\016\001\016\062\016\043\016\027\016\024\016\045\016\055\016\007}{subsection.4.8}% 79
\BOOKMARK [3][-]{subsubsection.4.8.6}{\376\377\016\001\016\062\016\043\016\047\016\064\016\100\016\004\016\043\016\062\016\060\016\053\016\114\016\004\016\047\016\062\016\041\016\026\016\071\016\001\016\025\016\111\016\055\016\007\016\002\016\055\016\007\016\101\016\032\016\032\016\010\016\063\016\045\016\055\016\007}{subsection.4.8}% 80
\BOOKMARK [2][-]{subsection.4.9}{\376\377\016\052\016\043\016\070\016\033\016\034\016\045\016\001\016\062\016\043\016\027\016\024\016\045\016\055\016\007}{section.4}% 81
\BOOKMARK [2][-]{subsection.4.10}{\376\377\016\055\016\040\016\064\016\033\016\043\016\062\016\042\016\034\016\045}{section.4}% 82
\BOOKMARK [1][-]{section.5}{\376\377\016\001\016\062\016\043\016\027\016\024\016\045\016\055\016\007\016\027\016\065\016\110\000\040\0005\000:\000\040\0002\000-\000S\000t\000a\000t\000e\000\040\000K\000F\000\040\040\024\000\040\016\055\016\055\016\001\016\101\016\032\016\032\000,\000\040\000I\000m\000p\000l\000e\000m\000e\000n\000t\000,\000\040\016\101\016\045\016\060\016\027\016\024\016\052\016\055\016\032\000\040\000F\000r\000e\000e\000\040\000V\000i\000b\000r\000a\000t\000i\000o\000n}{}% 83
\BOOKMARK [2][-]{subsection.5.1}{\376\377\016\032\016\027\016\031\016\063}{section.5}% 84
\BOOKMARK [2][-]{subsection.5.2}{\376\377\016\047\016\061\016\025\016\026\016\070\016\033\016\043\016\060\016\052\016\007\016\004\016\114}{section.5}% 85
\BOOKMARK [2][-]{subsection.5.3}{\376\377\016\052\016\041\016\041\016\025\016\064\016\020\016\062\016\031}{section.5}% 86
\BOOKMARK [2][-]{subsection.5.4}{\376\377\016\025\016\061\016\047\016\101\016\033\016\043}{section.5}% 87
\BOOKMARK [2][-]{subsection.5.5}{\376\377\016\100\016\055\016\001\016\052\016\062\016\043\016\101\016\045\016\060\016\007\016\062\016\031\016\047\016\064\016\010\016\061\016\042\016\027\016\065\016\110\016\100\016\001\016\065\016\110\016\042\016\047\016\002\016\111\016\055\016\007}{section.5}% 88
\BOOKMARK [3][-]{subsubsection.5.5.1}{\376\377\016\004\016\110\016\062\000\040\000S\000p\000r\000i\000n\000g\000\040\000C\000o\000n\000s\000t\000a\000n\000t\000\040\016\027\016\065\016\110\016\103\016\012\016\111\016\103\016\031\016\101\016\025\016\110\016\045\016\060\016\001\016\062\016\043\016\027\016\024\016\045\016\055\016\007}{subsection.5.5}% 89
\BOOKMARK [3][-]{subsubsection.5.5.2}{\376\377\000S\000t\000a\000t\000e\000-\000S\000p\000a\000c\000e\000\040\000R\000e\000p\000r\000e\000s\000e\000n\000t\000a\000t\000i\000o\000n\000\040\016\002\016\055\016\007\000\040\000S\000e\000c\000o\000n\000d\000-\000O\000r\000d\000e\000r\000\040\000S\000y\000s\000t\000e\000m}{subsection.5.5}% 90
\BOOKMARK [3][-]{subsubsection.5.5.3}{\376\377\000C\000o\000n\000t\000i\000n\000u\000o\000u\000s\000-\000D\000o\000m\000a\000i\000n\000\040\000S\000t\000a\000t\000e\000-\000S\000p\000a\000c\000e\000\040\000M\000a\000t\000r\000i\000c\000e\000s}{subsection.5.5}% 91
\BOOKMARK [3][-]{subsubsection.5.5.4}{\376\377\016\100\016\053\016\025\016\070\016\034\016\045\016\027\016\065\016\110\000\040\000H\000\040\000=\000\040\000[\0001\000,\000\040\0000\000]}{subsection.5.5}% 92
\BOOKMARK [3][-]{subsubsection.5.5.5}{\376\377\016\100\016\053\016\025\016\070\016\034\016\045\016\027\016\065\016\110\000\040\000u\000\040\000=\000\040\0000\000\040\016\103\016\031\000\040\000F\000r\000e\000e\000\040\000V\000i\000b\000r\000a\000t\000i\000o\000n}{subsection.5.5}% 93
\BOOKMARK [3][-]{subsubsection.5.5.6}{\376\377\016\001\016\062\016\043\016\100\016\045\016\067\016\055\016\001\000\040\000S\000a\000m\000p\000l\000i\000n\000g\000\040\000R\000a\000t\000e}{subsection.5.5}% 94
\BOOKMARK [3][-]{subsubsection.5.5.7}{\376\377\000D\000i\000s\000c\000r\000e\000t\000i\000z\000a\000t\000i\000o\000n\000:\000\040\000E\000u\000l\000e\000r\000\040\000F\000o\000r\000w\000a\000r\000d\000\040\000v\000s\000.\000\040\000Z\000O\000H}{subsection.5.5}% 95
\BOOKMARK [3][-]{subsubsection.5.5.8}{\376\377\016\004\016\047\016\062\016\041\016\053\016\041\016\062\016\042\016\027\016\062\016\007\016\001\016\062\016\042\016\040\016\062\016\036\016\002\016\055\016\007\000\040\000M\000a\000t\000r\000i\000x\000\040\000Q\000\040\016\101\016\045\016\060\000\040\000S\000c\000a\000l\000a\000r\000\040\000R}{subsection.5.5}% 96
\BOOKMARK [2][-]{subsection.5.6}{\376\377\016\027\016\044\016\051\016\016\016\065\000:\000\040\0002\000-\000S\000t\000a\000t\000e\000\040\000D\000i\000s\000c\000r\000e\000t\000e\000\040\000K\000a\000l\000m\000a\000n\000\040\000F\000i\000l\000t\000e\000r\000\040\016\052\016\063\016\053\016\043\016\061\016\032\000\040\000M\000S\000D}{section.5}% 97
\BOOKMARK [3][-]{subsubsection.5.6.1}{\376\377\000C\000o\000n\000t\000i\000n\000u\000o\000u\000s\000\040\000S\000t\000a\000t\000e\000-\000S\000p\000a\000c\000e\000\040\000M\000o\000d\000e\000l}{subsection.5.6}% 98
\BOOKMARK [3][-]{subsubsection.5.6.2}{\376\377\016\052\016\041\016\001\016\062\016\043\000\040\0002\000-\000S\000t\000a\000t\000e\000\040\000D\000i\000s\000c\000r\000e\000t\000e\000\040\000K\000a\000l\000m\000a\000n\000\040\000F\000i\000l\000t\000e\000r\000\040\016\027\016\061\016\111\016\007\000\040\0005\000\040\016\052\016\041\016\001\016\062\016\043}{subsection.5.6}% 99
\BOOKMARK [2][-]{subsection.5.7}{\376\377\016\002\016\061\016\111\016\031\016\025\016\055\016\031\016\001\016\062\016\043\016\027\016\024\016\045\016\055\016\007}{section.5}% 100
\BOOKMARK [3][-]{subsubsection.5.7.1}{\376\377\016\052\016\110\016\047\016\031\000\040\000A\000\040\040\024\000\040\000D\000e\000r\000i\000v\000e\000\040\016\101\016\045\016\060\000\040\000D\000i\000s\000c\000r\000e\000t\000i\000z\000e\000\040\000M\000o\000d\000e\000l}{subsection.5.7}% 101
\BOOKMARK [3][-]{subsubsection.5.7.2}{\376\377\016\052\016\110\016\047\016\031\000\040\000B\000\040\040\024\000\040\016\001\016\062\016\043\016\001\016\063\016\053\016\031\016\024\016\004\016\110\016\062\000\040\000R\000\040\016\101\016\045\016\060\000\040\000M\000a\000t\000r\000i\000x\000\040\000Q}{subsection.5.7}% 102
\BOOKMARK [3][-]{subsubsection.5.7.3}{\376\377\016\052\016\110\016\047\016\031\000\040\000C\000\040\040\024\000\040\000I\000m\000p\000l\000e\000m\000e\000n\000t\000\040\0002\000-\000S\000t\000a\000t\000e\000\040\000K\000F\000\040\016\032\016\031\000\040\000S\000T\000M\0003\0002}{subsection.5.7}% 103
\BOOKMARK [3][-]{subsubsection.5.7.4}{\376\377\016\052\016\110\016\047\016\031\000\040\000D\000\040\040\024\000\040\016\027\016\024\016\052\016\055\016\032\000\040\000F\000r\000e\000e\000\040\000V\000i\000b\000r\000a\000t\000i\000o\000n}{subsection.5.7}% 104
\BOOKMARK [3][-]{subsubsection.5.7.5}{\376\377\016\052\016\110\016\047\016\031\000\040\000E\000\040\040\024\000\040\000S\000e\000n\000s\000i\000t\000i\000v\000i\000t\000y\000\040\000S\000t\000u\000d\000y}{subsection.5.7}% 105
\BOOKMARK [2][-]{subsection.5.8}{\376\377\016\034\016\045\016\001\016\062\016\043\016\027\016\024\016\045\016\055\016\007}{section.5}% 106
\BOOKMARK [3][-]{subsubsection.5.8.1}{\376\377\000C\000o\000n\000t\000i\000n\000u\000o\000u\000s\000\040\000S\000t\000a\000t\000e\000-\000S\000p\000a\000c\000e\000\040\000M\000a\000t\000r\000i\000c\000e\000s}{subsection.5.8}% 107
\BOOKMARK [3][-]{subsubsection.5.8.2}{\376\377\000S\000a\000m\000p\000l\000i\000n\000g\000\040\000R\000a\000t\000e\000\040\016\101\016\045\016\060\000\040\000D\000i\000s\000c\000r\000e\000t\000e\000\040\000S\000t\000a\000t\000e\000-\000S\000p\000a\000c\000e\000\040\000M\000a\000t\000r\000i\000c\000e\000s}{subsection.5.8}% 108
\BOOKMARK [3][-]{subsubsection.5.8.3}{\376\377\000F\000r\000e\000e\000\040\000V\000i\000b\000r\000a\000t\000i\000o\000n\000\040\016\027\016\065\016\110\016\043\016\060\016\042\016\060\016\025\016\110\016\062\016\007\016\001\016\061\016\031}{subsection.5.8}% 109
\BOOKMARK [3][-]{subsubsection.5.8.4}{\376\377\000S\000e\000n\000s\000i\000t\000i\000v\000i\000t\000y\000\040\000S\000t\000u\000d\000y\000:\000\040\016\034\016\045\016\001\016\043\016\060\016\027\016\032\016\002\016\055\016\007\000\040\000Q\000\040\016\101\016\045\016\060\000\040\000R}{subsection.5.8}% 110
\BOOKMARK [2][-]{subsection.5.9}{\376\377\016\052\016\043\016\070\016\033\016\034\016\045\016\001\016\062\016\043\016\027\016\024\016\045\016\055\016\007}{section.5}% 111
\BOOKMARK [2][-]{subsection.5.10}{\376\377\016\055\016\040\016\064\016\033\016\043\016\062\016\042\016\034\016\045}{section.5}% 112
\BOOKMARK [3][-]{subsubsection.5.10.1}{\376\377\016\004\016\047\016\062\016\041\016\053\016\041\016\062\016\042\016\027\016\062\016\007\016\001\016\062\016\042\016\040\016\062\016\036\016\002\016\055\016\007\000\040\000M\000a\000t\000r\000i\000x\000\040\000Q\000\040\016\101\016\045\016\060\000\040\000S\000c\000a\000l\000a\000r\000\040\000R}{subsection.5.10}% 113
\BOOKMARK [3][-]{subsubsection.5.10.2}{\376\377\016\100\016\053\016\025\016\070\016\034\016\045\016\027\016\065\016\110\016\103\016\012\016\111\000\040\000D\000i\000s\000p\000l\000a\000c\000e\000m\000e\000n\000t\000\040\016\010\016\062\016\001\000\040\000E\000q\000u\000i\000l\000i\000b\000r\000i\000u\000m\000\040\016\100\016\033\016\107\016\031\000\040\000S\000t\000a\000t\000e}{subsection.5.10}% 114
\BOOKMARK [3][-]{subsubsection.5.10.3}{\376\377\016\001\016\062\016\043\016\047\016\064\016\100\016\004\016\043\016\062\016\060\016\053\016\114\000\040\000V\000e\000l\000o\000c\000i\000t\000y\000\040\000E\000s\000t\000i\000m\000a\000t\000e}{subsection.5.10}% 115
\BOOKMARK [3][-]{subsubsection.5.10.4}{\376\377\016\034\016\045\016\001\016\043\016\060\016\027\016\032\016\002\016\055\016\007\000\040\000Q\000/\000R\000\040\000R\000a\000t\000i\000o\000\040\016\025\016\110\016\055\016\036\016\044\016\025\016\064\016\001\016\043\016\043\016\041\000\040\000K\000F}{subsection.5.10}% 116
\BOOKMARK [3][-]{subsubsection.5.10.5}{\376\377\016\002\016\111\016\055\016\010\016\063\016\001\016\061\016\024\016\002\016\055\016\007\016\043\016\060\016\032\016\032\016\101\016\045\016\060\016\101\016\031\016\047\016\027\016\062\016\007\016\036\016\061\016\022\016\031\016\062}{subsection.5.10}% 117
