This is XeTeX, Version 3.141592653-2.6-0.999998 (TeX Live 2026) (preloaded format=xelatex 2026.4.20)  26 APR 2026 13:37
entering extended mode
 restricted \write18 enabled.
 file:line:error style messages enabled.
 %&-line parsing enabled.
**/Users/thadzy/Documents/01_Active/University/FRA233-Control/Lab3/FRA233_Lab3_Report/main
(/Users/thadzy/Documents/01_Active/University/FRA233-Control/Lab3/FRA233_Lab3_Report/main.tex
LaTeX2e <2025-11-01>
L3 programming layer <2026-01-19>
(/usr/local/texlive/2026/texmf-dist/tex/latex/base/article.cls
Document Class: article 2025/01/22 v1.4n Standard LaTeX document class
(/usr/local/texlive/2026/texmf-dist/tex/latex/base/size12.clo
File: size12.clo 2025/01/22 v1.4n Standard LaTeX file (size option)
)
\c@part=\count271
\c@section=\count272
\c@subsection=\count273
\c@subsubsection=\count274
\c@paragraph=\count275
\c@subparagraph=\count276
\c@figure=\count277
\c@table=\count278
\abovecaptionskip=\skip49
\belowcaptionskip=\skip50
\bibindent=\dimen148
) (/usr/local/texlive/2026/texmf-dist/tex/latex/geometry/geometry.sty
Package: geometry 2026/03/07 v6.0 Page Geometry
 (/usr/local/texlive/2026/texmf-dist/tex/latex/graphics/keyval.sty
Package: keyval 2022/05/29 v1.15 key=value parser (DPC)
\KV@toks@=\toks17
) (/usr/local/texlive/2026/texmf-dist/tex/generic/iftex/ifvtex.sty
Package: ifvtex 2019/10/25 v1.7 ifvtex legacy package. Use iftex instead.
 (/usr/local/texlive/2026/texmf-dist/tex/generic/iftex/iftex.sty
Package: iftex 2024/12/12 v1.0g TeX engine tests
))
\Gm@cnth=\count279
\Gm@cntv=\count280
\c@Gm@tempcnt=\count281
\Gm@bindingoffset=\dimen149
\Gm@wd@mp=\dimen150
\Gm@odd@mp=\dimen151
\Gm@even@mp=\dimen152
\Gm@layoutwidth=\dimen153
\Gm@layoutheight=\dimen154
\Gm@layouthoffset=\dimen155
\Gm@layoutvoffset=\dimen156
\Gm@dimlist=\toks18
) (/usr/local/texlive/2026/texmf-dist/tex/latex/fontspec/fontspec.sty (/usr/local/texlive/2026/texmf-dist/tex/latex/l3packages/xparse/xparse.sty (/usr/local/texlive/2026/texmf-dist/tex/latex/l3kernel/expl3.sty
Package: expl3 2026-01-19 L3 programming layer (loader) 
 (/usr/local/texlive/2026/texmf-dist/tex/latex/l3backend/l3backend-xetex.def
File: l3backend-xetex.def 2025-10-09 L3 backend support: XeTeX
\g__graphics_track_int=\count282
\g__pdfannot_backend_int=\count283
\g__pdfannot_backend_link_int=\count284
))
Package: xparse 2025-10-09 L3 Experimental document command parser
)
Package: fontspec 2025/09/29 v2.9g Font selection for XeLaTeX and LuaLaTeX
 (/usr/local/texlive/2026/texmf-dist/tex/latex/fontspec/fontspec-xetex.sty
Package: fontspec-xetex 2025/09/29 v2.9g Font selection for XeLaTeX and LuaLaTeX
\l__fontspec_script_int=\count285
\l__fontspec_language_int=\count286
\l__fontspec_strnum_int=\count287
\l__fontspec_tmp_int=\count288
\l__fontspec_tmpa_int=\count289
\l__fontspec_tmpb_int=\count290
\l__fontspec_tmpc_int=\count291
\l__fontspec_em_int=\count292
\l__fontspec_emdef_int=\count293
\l__fontspec_strong_int=\count294
\l__fontspec_strongdef_int=\count295
\l__fontspec_tmpa_dim=\dimen157
\l__fontspec_tmpb_dim=\dimen158
\l__fontspec_tmpc_dim=\dimen159
 (/usr/local/texlive/2026/texmf-dist/tex/latex/base/fontenc.sty
Package: fontenc 2025/07/18 v2.1d Standard LaTeX package
) (/usr/local/texlive/2026/texmf-dist/tex/latex/fontspec/fontspec.cfg))) (/usr/local/texlive/2026/texmf-dist/tex/latex/polyglossia/polyglossia.sty
Package: polyglossia 2025/12/01 v2.9 Modern multilingual typesetting with XeLaTeX and LuaLaTeX
 (/usr/local/texlive/2026/texmf-dist/tex/latex/etoolbox/etoolbox.sty
Package: etoolbox 2025/10/02 v2.5m e-TeX tools for LaTeX (JAW)
\etb@tempcnta=\count296
)
\l_xpg_alias_keyvals_int=\count297
 (/usr/local/texlive/2026/texmf-dist/tex/latex/polyglossia/gloss-latex.ldf
File: gloss-latex.ldf polyglossia: module for default language
)) (/usr/local/texlive/2026/texmf-dist/tex/latex/fancyhdr/fancyhdr.sty
Package: fancyhdr 2025/02/07 v5.2 Extensive control of page headers and footers
\f@nch@headwidth=\skip51
\f@nch@offset@elh=\skip52
\f@nch@offset@erh=\skip53
\f@nch@offset@olh=\skip54
\f@nch@offset@orh=\skip55
\f@nch@offset@elf=\skip56
\f@nch@offset@erf=\skip57
\f@nch@offset@olf=\skip58
\f@nch@offset@orf=\skip59
\f@nch@height=\skip60
\f@nch@footalignment=\skip61
\f@nch@widthL=\skip62
\f@nch@widthC=\skip63
\f@nch@widthR=\skip64
\@temptokenb=\toks19
) (/usr/local/texlive/2026/texmf-dist/tex/latex/multirow/multirow.sty
Package: multirow 2024/11/12 v2.9 Span multiple rows of a table
\multirow@colwidth=\skip65
\multirow@cntb=\count298
\multirow@dima=\skip66
\bigstrutjot=\dimen160
) (/usr/local/texlive/2026/texmf-dist/tex/latex/booktabs/booktabs.sty
Package: booktabs 2020/01/12 v1.61803398 Publication quality tables
\heavyrulewidth=\dimen161
\lightrulewidth=\dimen162
\cmidrulewidth=\dimen163
\belowrulesep=\dimen164
\belowbottomsep=\dimen165
\aboverulesep=\dimen166
\abovetopsep=\dimen167
\cmidrulesep=\dimen168
\cmidrulekern=\dimen169
\defaultaddspace=\dimen170
\@cmidla=\count299
\@cmidlb=\count300
\@aboverulesep=\dimen171
\@belowrulesep=\dimen172
\@thisruleclass=\count301
\@lastruleclass=\count302
\@thisrulewidth=\dimen173
) (/usr/local/texlive/2026/texmf-dist/tex/latex/polyglossia/gloss-thai.ldf
File: gloss-thai.ldf polyglossia: module for Thai
)

Package polyglossia Info: Default language is thai

 (/usr/local/texlive/2026/texmf-dist/tex/latex/polyglossia/gloss-english.ldf
File: gloss-english.ldf polyglossia: module for English
)

Package fontspec Info: 
(fontspec)             TH Sarabun New scale = 1.35.


Package fontspec Info: 
(fontspec)             TH Sarabun New scale = 1.35.


Package fontspec Info: 
(fontspec)             TH Sarabun New/B scale = 1.35.


Package fontspec Info: 
(fontspec)             TH Sarabun New/I scale = 1.35.


Package fontspec Info: 
(fontspec)             TH Sarabun New/BI scale = 1.35.


Package fontspec Info: 
(fontspec)             Font family 'THSarabunNew(0)' created for font 'TH
(fontspec)             Sarabun New' with options
(fontspec)             [Ligatures=TeX,Scale=1.35,Ligatures=TeX].
(fontspec)              
(fontspec)              This font family consists of the following NFSS
(fontspec)             series/shapes:
(fontspec)              
(fontspec)             - 'normal' (m/n) with NFSS spec.: <->s*[1.35]"TH
(fontspec)             Sarabun
(fontspec)             New/OT:script=latn;language=dflt;mapping=tex-text;"
(fontspec)             - 'bold' (b/n) with NFSS spec.: <->s*[1.35]"TH Sarabun
(fontspec)             New/B/OT:script=latn;language=dflt;mapping=tex-text;"
(fontspec)             - 'italic' (m/it) with NFSS spec.: <->s*[1.35]"TH
(fontspec)             Sarabun
(fontspec)             New/I/OT:script=latn;language=dflt;mapping=tex-text;"
(fontspec)             - 'bold italic' (b/it) with NFSS spec.: <->s*[1.35]"TH
(fontspec)             Sarabun
(fontspec)             New/BI/OT:script=latn;language=dflt;mapping=tex-text;"

LaTeX Font Info:    Font shape `TU/THSarabunNew(0)/m/n' will be
(Font)              scaled to size 16.20007pt on input line 33.

Package fontspec Info: 
(fontspec)             TH Sarabun New scale = 1.35.


Package fontspec Info: 
(fontspec)             TH Sarabun New scale = 1.35.


Package fontspec Info: 
(fontspec)             TH Sarabun New/B scale = 1.35.


Package fontspec Info: 
(fontspec)             TH Sarabun New/I scale = 1.35.


Package fontspec Info: 
(fontspec)             TH Sarabun New/BI scale = 1.35.


Package fontspec Info: 
(fontspec)             Font family 'THSarabunNew(1)' created for font 'TH
(fontspec)             Sarabun New' with options [Scale=1.35,Ligatures=TeX].
(fontspec)              
(fontspec)              This font family consists of the following NFSS
(fontspec)             series/shapes:
(fontspec)              
(fontspec)             - 'normal' (m/n) with NFSS spec.: <->s*[1.35]"TH
(fontspec)             Sarabun
(fontspec)             New/OT:script=latn;language=dflt;mapping=tex-text;"
(fontspec)             - 'bold' (b/n) with NFSS spec.: <->s*[1.35]"TH Sarabun
(fontspec)             New/B/OT:script=latn;language=dflt;mapping=tex-text;"
(fontspec)             - 'italic' (m/it) with NFSS spec.: <->s*[1.35]"TH
(fontspec)             Sarabun
(fontspec)             New/I/OT:script=latn;language=dflt;mapping=tex-text;"
(fontspec)             - 'bold italic' (b/it) with NFSS spec.: <->s*[1.35]"TH
(fontspec)             Sarabun
(fontspec)             New/BI/OT:script=latn;language=dflt;mapping=tex-text;"


Package fontspec Info: 
(fontspec)             TH Sarabun New scale = 1.35.


Package fontspec Info: 
(fontspec)             TH Sarabun New scale = 1.35.


Package fontspec Info: 
(fontspec)             TH Sarabun New/B scale = 1.35.


Package fontspec Info: 
(fontspec)             TH Sarabun New/I scale = 1.35.


Package fontspec Info: 
(fontspec)             TH Sarabun New/BI scale = 1.35.


Package fontspec Info: 
(fontspec)             Font family 'THSarabunNew(2)' created for font 'TH
(fontspec)             Sarabun New' with options [Scale=1.35].
(fontspec)              
(fontspec)              This font family consists of the following NFSS
(fontspec)             series/shapes:
(fontspec)              
(fontspec)             - 'normal' (m/n) with NFSS spec.: <->s*[1.35]"TH
(fontspec)             Sarabun New/OT:script=latn;language=dflt;"
(fontspec)             - 'bold' (b/n) with NFSS spec.: <->s*[1.35]"TH Sarabun
(fontspec)             New/B/OT:script=latn;language=dflt;"
(fontspec)             - 'italic' (m/it) with NFSS spec.: <->s*[1.35]"TH
(fontspec)             Sarabun New/I/OT:script=latn;language=dflt;"
(fontspec)             - 'bold italic' (b/it) with NFSS spec.: <->s*[1.35]"TH
(fontspec)             Sarabun New/BI/OT:script=latn;language=dflt;"


Package fontspec Info: 
(fontspec)             Fira Code scale = 0.78.


Package fontspec Info: 
(fontspec)             Could not resolve font "Fira Code/BI" (it probably
(fontspec)             doesn't exist).


Package fontspec Info: 
(fontspec)             Could not resolve font "Fira Code/B" (it probably
(fontspec)             doesn't exist).


Package fontspec Info: 
(fontspec)             Could not resolve font "Fira Code/I" (it probably
(fontspec)             doesn't exist).


Package fontspec Info: 
(fontspec)             Fira Code scale = 0.78.


Package fontspec Info: 
(fontspec)             Font family 'FiraCode(0)' created for font 'Fira Code'
(fontspec)             with options
(fontspec)             [WordSpace={1,0,0},HyphenChar=None,PunctuationSpace=WordSpace,Contextuals
(fontspec)             = Alternate,Scale = 0.78].
(fontspec)              
(fontspec)              This font family consists of the following NFSS
(fontspec)             series/shapes:
(fontspec)              
(fontspec)             - 'normal' (m/n) with NFSS spec.: <->s*[0.78]"Fira
(fontspec)             Code/OT:script=latn;language=dflt;+calt;"

 (/usr/local/texlive/2026/texmf-dist/tex/latex/tools/indentfirst.sty
Package: indentfirst 2023/07/02 v1.03 Indent first paragraph (DPC)
) (/usr/local/texlive/2026/texmf-dist/tex/latex/titlesec/titlesec.sty
Package: titlesec 2025/01/04 v2.17 Sectioning titles
\ttl@box=\box53
\beforetitleunit=\skip67
\aftertitleunit=\skip68
\ttl@plus=\dimen174
\ttl@minus=\dimen175
\ttl@toksa=\toks20
\titlewidth=\dimen176
\titlewidthlast=\dimen177
\titlewidthfirst=\dimen178
) (/usr/local/texlive/2026/texmf-dist/tex/latex/graphics/graphicx.sty
Package: graphicx 2024/12/31 v1.2e Enhanced LaTeX Graphics (DPC,SPQR)
 (/usr/local/texlive/2026/texmf-dist/tex/latex/graphics/graphics.sty
Package: graphics 2024/08/06 v1.4g Standard LaTeX Graphics (DPC,SPQR)
 (/usr/local/texlive/2026/texmf-dist/tex/latex/graphics/trig.sty
Package: trig 2023/12/02 v1.11 sin cos tan (DPC)
) (/usr/local/texlive/2026/texmf-dist/tex/latex/graphics-cfg/graphics.cfg
File: graphics.cfg 2016/06/04 v1.11 sample graphics configuration
)
Package graphics Info: Driver file: xetex.def on input line 106.
 (/usr/local/texlive/2026/texmf-dist/tex/latex/graphics-def/xetex.def
File: xetex.def 2025/11/01 v5.0p Graphics/color driver for xetex
))
\Gin@req@height=\dimen179
\Gin@req@width=\dimen180
) (/usr/local/texlive/2026/texmf-dist/tex/latex/amsmath/amsmath.sty
Package: amsmath 2025/07/09 v2.17z AMS math features
\@mathmargin=\skip69

For additional information on amsmath, use the `?' option.
(/usr/local/texlive/2026/texmf-dist/tex/latex/amsmath/amstext.sty
Package: amstext 2024/11/17 v2.01 AMS text
 (/usr/local/texlive/2026/texmf-dist/tex/latex/amsmath/amsgen.sty
File: amsgen.sty 1999/11/30 v2.0 generic functions
\@emptytoks=\toks21
\ex@=\dimen181
)) (/usr/local/texlive/2026/texmf-dist/tex/latex/amsmath/amsbsy.sty
Package: amsbsy 1999/11/29 v1.2d Bold Symbols
\pmbraise@=\dimen182
) (/usr/local/texlive/2026/texmf-dist/tex/latex/amsmath/amsopn.sty
Package: amsopn 2022/04/08 v2.04 operator names
)
\inf@bad=\count303
LaTeX Info: Redefining \frac on input line 233.
\uproot@=\count304
\leftroot@=\count305
LaTeX Info: Redefining \overline on input line 398.
LaTeX Info: Redefining \colon on input line 409.
\classnum@=\count306
\DOTSCASE@=\count307
LaTeX Info: Redefining \ldots on input line 495.
LaTeX Info: Redefining \dots on input line 498.
LaTeX Info: Redefining \cdots on input line 619.
\Mathstrutbox@=\box54
\strutbox@=\box55
LaTeX Info: Redefining \big on input line 721.
LaTeX Info: Redefining \Big on input line 722.
LaTeX Info: Redefining \bigg on input line 723.
LaTeX Info: Redefining \Bigg on input line 724.
\big@size=\dimen183
LaTeX Font Info:    Redeclaring font encoding OML on input line 742.
LaTeX Font Info:    Redeclaring font encoding OMS on input line 743.
\macc@depth=\count308
LaTeX Info: Redefining \bmod on input line 904.
LaTeX Info: Redefining \pmod on input line 909.
LaTeX Info: Redefining \smash on input line 939.
LaTeX Info: Redefining \relbar on input line 969.
LaTeX Info: Redefining \Relbar on input line 970.
\c@MaxMatrixCols=\count309
\dotsspace@=\muskip17
\c@parentequation=\count310
\dspbrk@lvl=\count311
\tag@help=\toks22
\row@=\count312
\column@=\count313
\maxfields@=\count314
\andhelp@=\toks23
\eqnshift@=\dimen184
\alignsep@=\dimen185
\tagshift@=\dimen186
\tagwidth@=\dimen187
\totwidth@=\dimen188
\lineht@=\dimen189
\@envbody=\toks24
\multlinegap=\skip70
\multlinetaggap=\skip71
\mathdisplay@stack=\toks25
LaTeX Info: Redefining \[ on input line 2950.
LaTeX Info: Redefining \] on input line 2951.
) (/usr/local/texlive/2026/texmf-dist/tex/latex/amsfonts/amssymb.sty
Package: amssymb 2013/01/14 v3.01 AMS font symbols
 (/usr/local/texlive/2026/texmf-dist/tex/latex/amsfonts/amsfonts.sty
Package: amsfonts 2013/01/14 v3.01 Basic AMSFonts support
\symAMSa=\mathgroup4
\symAMSb=\mathgroup5
LaTeX Font Info:    Redeclaring math symbol \hbar on input line 98.
LaTeX Font Info:    Overwriting math alphabet `\mathfrak' in version `bold'
(Font)                  U/euf/m/n --> U/euf/b/n on input line 106.
)) (/usr/local/texlive/2026/texmf-dist/tex/latex/setspace/setspace.sty
Package: setspace 2022/12/04 v6.7b set line spacing
) (/usr/local/texlive/2026/texmf-dist/tex/latex/natbib/natbib.sty
Package: natbib 2010/09/13 8.31b (PWD, AO)
\bibhang=\skip72
\bibsep=\skip73
LaTeX Info: Redefining \cite on input line 694.
\c@NAT@ctr=\count315
) (/usr/local/texlive/2026/texmf-dist/tex/latex/listings/listings.sty
\lst@mode=\count316
\lst@gtempboxa=\box56
\lst@token=\toks26
\lst@length=\count317
\lst@currlwidth=\dimen190
\lst@column=\count318
\lst@pos=\count319
\lst@lostspace=\dimen191
\lst@width=\dimen192
\lst@newlines=\count320
\lst@lineno=\count321
\lst@maxwidth=\dimen193
 (/usr/local/texlive/2026/texmf-dist/tex/latex/listings/lstpatch.sty
File: lstpatch.sty 2025/11/14 1.11b (Carsten Heinz)
) (/usr/local/texlive/2026/texmf-dist/tex/latex/listings/lstmisc.sty
File: lstmisc.sty 2025/11/14 1.11b (Carsten Heinz)
\c@lstnumber=\count322
\lst@skipnumbers=\count323
\lst@framebox=\box57
) (/usr/local/texlive/2026/texmf-dist/tex/latex/listings/listings.cfg
File: listings.cfg 2025/11/14 1.11b listings configuration
))
Package: listings 2025/11/14 1.11b (Carsten Heinz)

==> First Aid for listings.sty no longer applied!
    Expected:
        2024/09/23 1.10c (Carsten Heinz)
    but found:
        2025/11/14 1.11b (Carsten Heinz)
    so I'm assuming it got fixed.
(/usr/local/texlive/2026/texmf-dist/tex/latex/xcolor/xcolor.sty
Package: xcolor 2024/09/29 v3.02 LaTeX color extensions (UK)
 (/usr/local/texlive/2026/texmf-dist/tex/latex/graphics-cfg/color.cfg
File: color.cfg 2016/01/02 v1.6 sample color configuration
)
Package xcolor Info: Driver file: xetex.def on input line 274.
 (/usr/local/texlive/2026/texmf-dist/tex/latex/graphics/mathcolor.ltx)
Package xcolor Info: Model `cmy' substituted by `cmy0' on input line 1349.
Package xcolor Info: Model `RGB' extended on input line 1365.
Package xcolor Info: Model `HTML' substituted by `rgb' on input line 1367.
Package xcolor Info: Model `Hsb' substituted by `hsb' on input line 1368.
Package xcolor Info: Model `tHsb' substituted by `hsb' on input line 1369.
Package xcolor Info: Model `HSB' substituted by `hsb' on input line 1370.
Package xcolor Info: Model `Gray' substituted by `gray' on input line 1371.
Package xcolor Info: Model `wave' substituted by `hsb' on input line 1372.
) (/usr/local/texlive/2026/texmf-dist/tex/latex/listings/lstlang1.sty
File: lstlang1.sty 2025/11/14 1.11b listings language file
) (/usr/local/texlive/2026/texmf-dist/tex/latex/listings/lstmisc.sty
File: lstmisc.sty 2025/11/14 1.11b (Carsten Heinz)
)
LaTeX Font Info:    Font shape `TU/THSarabunNew(1)/m/n' will be
(Font)              scaled to size 16.20007pt on input line 136.
 (./main.aux

LaTeX Warning: Label `eq:R_exp5' multiply defined.

)
\openout1 = `main.aux'.

LaTeX Font Info:    Checking defaults for OML/cmm/m/it on input line 136.
LaTeX Font Info:    ... okay on input line 136.
LaTeX Font Info:    Checking defaults for OMS/cmsy/m/n on input line 136.
LaTeX Font Info:    ... okay on input line 136.
LaTeX Font Info:    Checking defaults for OT1/cmr/m/n on input line 136.
LaTeX Font Info:    ... okay on input line 136.
LaTeX Font Info:    Checking defaults for T1/cmr/m/n on input line 136.
LaTeX Font Info:    ... okay on input line 136.
LaTeX Font Info:    Checking defaults for TS1/cmr/m/n on input line 136.
LaTeX Font Info:    ... okay on input line 136.
LaTeX Font Info:    Checking defaults for TU/lmr/m/n on input line 136.
LaTeX Font Info:    ... okay on input line 136.
LaTeX Font Info:    Checking defaults for OMX/cmex/m/n on input line 136.
LaTeX Font Info:    ... okay on input line 136.
LaTeX Font Info:    Checking defaults for U/cmr/m/n on input line 136.
LaTeX Font Info:    ... okay on input line 136.

*geometry* driver: auto-detecting
*geometry* detected driver: xetex
*geometry* verbose mode - [ preamble ] result:
* driver: xetex
* paper: a4paper
* layout: <same size as paper>
* layoutoffset:(h,v)=(0.0pt,0.0pt)
* modes: 
* h-part:(L,W,R)=(72.26999pt, 452.9679pt, 72.26999pt)
* v-part:(T,H,B)=(108.405pt, 628.23685pt, 108.405pt)
* \paperwidth=597.50787pt
* \paperheight=845.04684pt
* \textwidth=452.9679pt
* \textheight=628.23685pt
* \oddsidemargin=0.0pt
* \evensidemargin=0.0pt
* \topmargin=-0.86499pt
* \headheight=12.0pt
* \headsep=25.0pt
* \topskip=12.0pt
* \footskip=36.135pt
* \marginparwidth=35.0pt
* \marginparsep=10.0pt
* \columnsep=10.0pt
* \skip\footins=10.8pt plus 4.0pt minus 2.0pt
* \hoffset=0.0pt
* \voffset=0.0pt
* \mag=1000
* \@twocolumnfalse
* \@twosidefalse
* \@mparswitchfalse
* \@reversemarginfalse
* (1in=72.27pt=25.4mm, 1cm=28.453pt)


Package fontspec Info: 
(fontspec)             Adjusting the maths setup (use [no-math] to avoid
(fontspec)             this).

\symlegacymaths=\mathgroup6
LaTeX Font Info:    Overwriting symbol font `legacymaths' in version `bold'
(Font)                  OT1/cmr/m/n --> OT1/cmr/bx/n on input line 136.
LaTeX Font Info:    Redeclaring math accent \acute on input line 136.
LaTeX Font Info:    Redeclaring math accent \grave on input line 136.
LaTeX Font Info:    Redeclaring math accent \ddot on input line 136.
LaTeX Font Info:    Redeclaring math accent \tilde on input line 136.
LaTeX Font Info:    Redeclaring math accent \bar on input line 136.
LaTeX Font Info:    Redeclaring math accent \breve on input line 136.
LaTeX Font Info:    Redeclaring math accent \check on input line 136.
LaTeX Font Info:    Redeclaring math accent \hat on input line 136.
LaTeX Font Info:    Redeclaring math accent \dot on input line 136.
LaTeX Font Info:    Redeclaring math accent \mathring on input line 136.
LaTeX Font Info:    Redeclaring math symbol \Gamma on input line 136.
LaTeX Font Info:    Redeclaring math symbol \Delta on input line 136.
LaTeX Font Info:    Redeclaring math symbol \Theta on input line 136.
LaTeX Font Info:    Redeclaring math symbol \Lambda on input line 136.
LaTeX Font Info:    Redeclaring math symbol \Xi on input line 136.
LaTeX Font Info:    Redeclaring math symbol \Pi on input line 136.
LaTeX Font Info:    Redeclaring math symbol \Sigma on input line 136.
LaTeX Font Info:    Redeclaring math symbol \Upsilon on input line 136.
LaTeX Font Info:    Redeclaring math symbol \Phi on input line 136.
LaTeX Font Info:    Redeclaring math symbol \Psi on input line 136.
LaTeX Font Info:    Redeclaring math symbol \Omega on input line 136.
LaTeX Font Info:    Redeclaring math symbol \mathdollar on input line 136.
LaTeX Font Info:    Redeclaring symbol font `operators' on input line 136.
LaTeX Font Info:    Encoding `OT1' has changed to `TU' for symbol font
(Font)              `operators' in the math version `normal' on input line 136.
LaTeX Font Info:    Overwriting symbol font `operators' in version `normal'
(Font)                  OT1/cmr/m/n --> TU/THSarabunNew(0)/m/n on input line 136.
LaTeX Font Info:    Encoding `OT1' has changed to `TU' for symbol font
(Font)              `operators' in the math version `bold' on input line 136.
LaTeX Font Info:    Overwriting symbol font `operators' in version `bold'
(Font)                  OT1/cmr/bx/n --> TU/THSarabunNew(0)/m/n on input line 136.
LaTeX Font Info:    Overwriting symbol font `operators' in version `normal'
(Font)                  TU/THSarabunNew(0)/m/n --> TU/THSarabunNew(0)/m/n on input line 136.
LaTeX Font Info:    Overwriting math alphabet `\mathit' in version `normal'
(Font)                  OT1/cmr/m/it --> TU/THSarabunNew(0)/m/it on input line 136.
LaTeX Font Info:    Overwriting math alphabet `\mathbf' in version `normal'
(Font)                  OT1/cmr/bx/n --> TU/THSarabunNew(0)/b/n on input line 136.
LaTeX Font Info:    Overwriting math alphabet `\mathsf' in version `normal'
(Font)                  OT1/cmss/m/n --> TU/lmss/m/n on input line 136.
LaTeX Font Info:    Overwriting math alphabet `\mathtt' in version `normal'
(Font)                  OT1/cmtt/m/n --> TU/FiraCode(0)/m/n on input line 136.
LaTeX Font Info:    Overwriting symbol font `operators' in version `bold'
(Font)                  TU/THSarabunNew(0)/m/n --> TU/THSarabunNew(0)/b/n on input line 136.
LaTeX Font Info:    Overwriting math alphabet `\mathit' in version `bold'
(Font)                  OT1/cmr/bx/it --> TU/THSarabunNew(0)/b/it on input line 136.
LaTeX Font Info:    Overwriting math alphabet `\mathsf' in version `bold'
(Font)                  OT1/cmss/bx/n --> TU/lmss/b/n on input line 136.
LaTeX Font Info:    Overwriting math alphabet `\mathtt' in version `bold'
(Font)                  OT1/cmtt/m/n --> TU/FiraCode(0)/b/n on input line 136.
\c@lstlisting=\count324
\thai@year=\count325
(./sections/00_cover.tex
File: /Users/thadzy/Documents/01_Active/University/FRA233-Control/Lab3/FRA233_Lab3_Report/images/KMUTT_CI_Primary_Logo-Full-1200x1200.png Graphic file (type bmp)
</Users/thadzy/Documents/01_Active/University/FRA233-Control/Lab3/FRA233_Lab3_Report/images/KMUTT_CI_Primary_Logo-Full-1200x1200.png>
LaTeX Font Info:    Font shape `TU/THSarabunNew(1)/m/n' will be
(Font)              scaled to size 27.99913pt on input line 11.
LaTeX Font Info:    Font shape `TU/THSarabunNew(1)/b/n' will be
(Font)              scaled to size 27.99913pt on input line 11.
LaTeX Font Info:    Font shape `TU/THSarabunNew(1)/m/n' will be
(Font)              scaled to size 19.44008pt on input line 12.
LaTeX Font Info:    Font shape `TU/THSarabunNew(1)/m/n' will be
(Font)              scaled to size 23.3281pt on input line 14.
LaTeX Font Info:    Font shape `TU/THSarabunNew(1)/b/n' will be
(Font)              scaled to size 23.3281pt on input line 14.
LaTeX Font Info:    Font shape `TU/THSarabunNew(1)/b/n' will be
(Font)              scaled to size 19.44008pt on input line 17.
LaTeX Font Info:    Font shape `TU/THSarabunNew(0)/m/n' will be
(Font)              scaled to size 10.80005pt on input line 21.
LaTeX Font Info:    Font shape `TU/THSarabunNew(0)/m/n' will be
(Font)              scaled to size 8.10004pt on input line 21.
LaTeX Font Info:    Trying to load font information for U+msa on input line 21.
 (/usr/local/texlive/2026/texmf-dist/tex/latex/amsfonts/umsa.fd
File: umsa.fd 2013/01/14 v3.01 AMS symbols A
)
LaTeX Font Info:    Trying to load font information for U+msb on input line 21.
 (/usr/local/texlive/2026/texmf-dist/tex/latex/amsfonts/umsb.fd
File: umsb.fd 2013/01/14 v3.01 AMS symbols B
) [1

]) (./sections/02_exp1.tex
LaTeX Font Info:    Font shape `TU/THSarabunNew(1)/m/n' will be
(Font)              scaled to size 17.99557pt on input line 3.
LaTeX Font Info:    Font shape `TU/THSarabunNew(1)/b/n' will be
(Font)              scaled to size 17.99557pt on input line 3.
LaTeX Font Info:    Calculating math sizes for size <13.33> on input line 3.
LaTeX Font Info:    Font shape `TU/THSarabunNew(0)/m/n' will be
(Font)              scaled to size 17.99557pt on input line 3.
LaTeX Font Info:    Font shape `TU/THSarabunNew(0)/m/n' will be
(Font)              scaled to size 12.59683pt on input line 3.
LaTeX Font Info:    Font shape `TU/THSarabunNew(0)/m/n' will be
(Font)              scaled to size 8.99777pt on input line 3.


LaTeX Font Warning: Font shape `OML/cmm/m/it' in size <13.33> not available
(Font)              size <14.4> substituted on input line 3.


LaTeX Font Warning: Font shape `OMS/cmsy/m/n' in size <13.33> not available
(Font)              size <14.4> substituted on input line 3.


LaTeX Font Warning: Font shape `OT1/cmr/m/n' in size <13.33> not available
(Font)              size <14.4> substituted on input line 3.

LaTeX Font Info:    Font shape `TU/THSarabunNew(1)/m/it' will be
(Font)              scaled to size 16.20007pt on input line 4.
LaTeX Font Info:    Font shape `TU/THSarabunNew(1)/b/n' will be
(Font)              scaled to size 16.20007pt on input line 7.
[1] [2]
File: /Users/thadzy/Documents/01_Active/University/FRA233-Control/Lab3/FRA233_Lab3_Report/images/Hookes-Law.jpg Graphic file (type bmp)
</Users/thadzy/Documents/01_Active/University/FRA233-Control/Lab3/FRA233_Lab3_Report/images/Hookes-Law.jpg>
 [3] [4]
LaTeX Font Info:    Font shape `TU/THSarabunNew(1)/m/n' will be
(Font)              scaled to size 10.80005pt on input line 159.
LaTeX Font Info:    Font shape `TU/THSarabunNew(1)/m/n' will be
(Font)              scaled to size 8.10004pt on input line 159.
 [5]
LaTeX Font Info:    Font shape `TU/THSarabunNew(1)/m/n' will be
(Font)              scaled to size 13.50006pt on input line 224.
LaTeX Font Info:    Font shape `TU/THSarabunNew(1)/m/it' will be
(Font)              scaled to size 13.50006pt on input line 225.
LaTeX Font Info:    Font shape `TU/THSarabunNew(0)/m/n' will be
(Font)              scaled to size 13.50006pt on input line 225.
LaTeX Font Info:    Font shape `TU/THSarabunNew(0)/m/n' will be
(Font)              scaled to size 9.45004pt on input line 225.
LaTeX Font Info:    Font shape `TU/THSarabunNew(0)/m/n' will be
(Font)              scaled to size 6.75003pt on input line 225.
File: /Users/thadzy/Documents/01_Active/University/FRA233-Control/Lab3/FRA233_Lab3_Report/images/Code_Generated_Image.png Graphic file (type bmp)
</Users/thadzy/Documents/01_Active/University/FRA233-Control/Lab3/FRA233_Lab3_Report/images/Code_Generated_Image.png>
 [6] [7] [8]) (./sections/03_exp2.tex
LaTeX Font Info:    Font shape `TU/THSarabunNew(2)/m/n' will be
(Font)              scaled to size 16.20007pt on input line 29.
 [9]
File: images/Ultrasonic-timing-control-The-speed-of-sound-is-roughly-340-meters-per-second-or-around.jpg Graphic file (type bmp)
<images/Ultrasonic-timing-control-The-speed-of-sound-is-roughly-340-meters-per-second-or-around.jpg>
File: images/ultra3.png Graphic file (type bmp)
<images/ultra3.png>
 [10] [11] [12] [13]
LaTeX Font Info:    Font shape `TU/THSarabunNew(2)/m/n' will be
(Font)              scaled to size 10.80005pt on input line 281.
LaTeX Font Info:    Font shape `TU/THSarabunNew(2)/m/n' will be
(Font)              scaled to size 8.10004pt on input line 282.
LaTeX Font Info:    Font shape `TU/THSarabunNew(2)/m/it' will be
(Font)              scaled to size 10.80005pt on input line 282.
LaTeX Font Info:    Font shape `TU/THSarabunNew(2)/m/it' will be
(Font)              scaled to size 14.04008pt on input line 282.
LaTeX Font Info:    Font shape `TU/THSarabunNew(2)/b/n' will be
(Font)              scaled to size 10.80005pt on input line 283.
LaTeX Font Info:    Font shape `TU/THSarabunNew(2)/m/n' will be
(Font)              scaled to size 14.04008pt on input line 291.
 [14] [15]
LaTeX Font Info:    Font shape `TU/THSarabunNew(2)/b/n' will be
(Font)              scaled to size 16.20007pt on input line 378.
 [16] [17]
File: images/HC-SR04 Sensor Measurements Analysis.png Graphic file (type bmp)
<images/HC-SR04 Sensor Measurements Analysis.png>
 [18] [19]
LaTeX Font Info:    Font shape `TU/THSarabunNew(1)/b/n' will be
(Font)              scaled to size 10.80005pt on input line 551.
LaTeX Font Info:    Font shape `TU/THSarabunNew(1)/b/n' will be
(Font)              scaled to size 8.10004pt on input line 551.
) (./sections/04_exp3.tex [20] [21] [22] [23] [24]
File: /Users/thadzy/Documents/01_Active/University/FRA233-Control/Lab3/FRA233_Lab3_Report/images/Scenario A - Average Across All Trials.png Graphic file (type bmp)
</Users/thadzy/Documents/01_Active/University/FRA233-Control/Lab3/FRA233_Lab3_Report/images/Scenario A - Average Across All Trials.png>
 [25] [26]
File: /Users/thadzy/Documents/01_Active/University/FRA233-Control/Lab3/FRA233_Lab3_Report/images/Scenario B - Average Across All Trials.png Graphic file (type bmp)
</Users/thadzy/Documents/01_Active/University/FRA233-Control/Lab3/FRA233_Lab3_Report/images/Scenario B - Average Across All Trials.png>
 [27] [28] [29]) (./sections/05_exp4.tex [30]
File: /Users/thadzy/Documents/01_Active/University/FRA233-Control/Lab3/FRA233_Lab3_Report/images/FBD.png Graphic file (type bmp)
</Users/thadzy/Documents/01_Active/University/FRA233-Control/Lab3/FRA233_Lab3_Report/images/FBD.png>
 [31]
File: /Users/thadzy/Documents/01_Active/University/FRA233-Control/Lab3/FRA233_Lab3_Report/images/damp.png Graphic file (type bmp)
</Users/thadzy/Documents/01_Active/University/FRA233-Control/Lab3/FRA233_Lab3_Report/images/damp.png>
 [32] [33]
LaTeX Font Info:    Font shape `TU/THSarabunNew(0)/b/n' will be
(Font)              scaled to size 16.20007pt on input line 231.
LaTeX Font Info:    Font shape `TU/THSarabunNew(0)/b/n' will be
(Font)              scaled to size 10.80005pt on input line 231.
LaTeX Font Info:    Font shape `TU/THSarabunNew(0)/b/n' will be
(Font)              scaled to size 8.10004pt on input line 231.
 [34]
Underfull \hbox (badness 2165) in paragraph at lines 289--291
[]\TU/THSarabunNew(1)/m/n/12 Import ข้อมูล Displacement จาก Serial ลงใน MATLAB แปลง หน่วย เป็น เมตร กำหนด
 []

[35]
File: /Users/thadzy/Documents/01_Active/University/FRA233-Control/Lab3/FRA233_Lab3_Report/images/Simulink.png Graphic file (type bmp)
</Users/thadzy/Documents/01_Active/University/FRA233-Control/Lab3/FRA233_Lab3_Report/images/Simulink.png>
File: /Users/thadzy/Documents/01_Active/University/FRA233-Control/Lab3/FRA233_Lab3_Report/images/c.png Graphic file (type bmp)
</Users/thadzy/Documents/01_Active/University/FRA233-Control/Lab3/FRA233_Lab3_Report/images/c.png>
File: /Users/thadzy/Documents/01_Active/University/FRA233-Control/Lab3/FRA233_Lab3_Report/images/Figure 12b.png Graphic file (type bmp)
</Users/thadzy/Documents/01_Active/University/FRA233-Control/Lab3/FRA233_Lab3_Report/images/Figure 12b.png>
 [36] [37] [38] [39] [40]
Underfull \hbox (badness 2495) in paragraph at lines 577--581
[]\TU/THSarabunNew(1)/m/n/12 Friction ระหว่าง ฐาน มวล และ เสา ไกด์ ไม่ คงที่ (velocity-dependent และ position-
 []

) (./sections/06_exp5.tex [41] [42] [43] [44] [45] [46] [47]
LaTeX Font Info:    Font shape `TU/FiraCode(0)/m/n' will be
(Font)              scaled to size 9.35999pt on input line 458.
LaTeX Font Info:    Font shape `TU/FiraCode(0)/m/n' will be
(Font)              scaled to size 6.23999pt on input line 458.
LaTeX Font Info:    Font shape `TU/FiraCode(0)/m/n' will be
(Font)              scaled to size 4.68pt on input line 458.
 [48] [49]
Overfull \hbox (7.10411pt too wide) detected at line 541
[]\OML/cmm/m/it/12 A[] \OT1/cmr/m/n/12 = [] = [] \OML/cmm/m/it/12 ;  B[] \OT1/cmr/m/n/12 = [] = [] \OML/cmm/m/it/12 ;  H \OT1/cmr/m/n/12 = []
 []

[50] [51] [52] [53] [54]) (./main.bbl

Package natbib Warning: Empty `thebibliography' environment on input line 3.

) [55] (./main.aux)
 ***********
LaTeX2e <2025-11-01>
L3 programming layer <2026-01-19>
 ***********


LaTeX Font Warning: Size substitutions with differences
(Font)              up to 1.06999pt have occurred.


LaTeX Warning: There were multiply-defined labels.

 ) 
Here is how much of TeX's memory you used:
 9855 strings out of 468168
 216563 string characters out of 5432815
 971824 words of memory out of 5000000
 38387 multiletter control sequences out of 15000+600000
 638193 words of font info for 130 fonts, out of 8000000 for 9000
 1348 hyphenation exceptions out of 8191
 73i,13n,96p,601b,1832s stack positions out of 10000i,1000n,20000p,200000b,200000s

Output written on main.pdf (56 pages).
